<?xml version="1.0" encoding="UTF-8"?>
<!-- Generated by org.testng.reporters.JUnitReportReporter -->
<testsuite hostname="DESKTOP-F396GN6" failures="0" tests="6" name="PreloginTestcases.Testcases" time="83.613" errors="0" timestamp="2023-09-07T19:00:24 IST" skipped="0">
  <testcase classname="PreloginTestcases.Testcases" name="HeaderVerificationLangauage" time="3.183"/>
  <testcase classname="PreloginTestcases.Testcases" name="HeaderVerificationCallUs" time="4.824"/>
  <testcase classname="PreloginTestcases.Testcases" name="ContactUs" time="1.488"/>
  <testcase classname="PreloginTestcases.Testcases" name="LoginButton" time="12.945"/>
  <testcase classname="PreloginTestcases.Testcases" name="Multiple_DropDown_Box" time="21.734"/>
  <testcase classname="PreloginTestcases.Testcases" name="OnlineAssessmentTools" time="39.439"/>
</testsuite> <!-- PreloginTestcases.Testcases -->
